DEB [20180805-21:43:28.312] thr=1   paramiko.transport: starting thread (client mode): 0xfbe5850L
DEB [20180805-21:43:28.312] thr=1   paramiko.transport: Local version/idstring: SSH-2.0-paramiko_2.4.1
DEB [20180805-21:43:28.429] thr=1   paramiko.transport: Remote version/idstring: SSH-2.0-OpenSSH_7.4p1 Raspbian-10+deb9u3
INF [20180805-21:43:28.429] thr=1   paramiko.transport: Connected (version 2.0, client OpenSSH_7.4p1)
DEB [20180805-21:43:28.435] thr=1   paramiko.transport: kex algos:[u'curve25519-sha256', u'curve25519-sha256@libssh.org', u'ecdh-sha2-nistp256', u'ecdh-sha2-nistp384', u'ecdh-sha2-nistp521', u'diffie-hellman-group-exchange-sha256', u'diffie-hellman-group16-sha512', u'diffie-hellman-group18-sha512', u'diffie-hellman-group14-sha256', u'diffie-hellman-group14-sha1'] server key:[u'ssh-rsa', u'rsa-sha2-512', u'rsa-sha2-256', u'ecdsa-sha2-nistp256', u'ssh-ed25519'] client encrypt:[u'chacha20-poly1305@openssh.com', u'aes128-ctr', u'aes192-ctr', u'aes256-ctr', u'aes128-gcm@openssh.com', u'aes256-gcm@openssh.com'] server encrypt:[u'chacha20-poly1305@openssh.com', u'aes128-ctr', u'aes192-ctr', u'aes256-ctr', u'aes128-gcm@openssh.com', u'aes256-gcm@openssh.com'] client mac:[u'umac-64-etm@openssh.com', u'umac-128-etm@openssh.com', u'hmac-sha2-256-etm@openssh.com', u'hmac-sha2-512-etm@openssh.com', u'hmac-sha1-etm@openssh.com', u'umac-64@openssh.com', u'umac-128@openssh.com', u'hmac-sha2-256', u'hmac-sha2-512', u'hmac-sha1'] server mac:[u'umac-64-etm@openssh.com', u'umac-128-etm@openssh.com', u'hmac-sha2-256-etm@openssh.com', u'hmac-sha2-512-etm@openssh.com', u'hmac-sha1-etm@openssh.com', u'umac-64@openssh.com', u'umac-128@openssh.com', u'hmac-sha2-256', u'hmac-sha2-512', u'hmac-sha1'] client compress:[u'none', u'zlib@openssh.com'] server compress:[u'none', u'zlib@openssh.com'] client lang:[u''] server lang:[u''] kex follows?False
DEB [20180805-21:43:28.435] thr=1   paramiko.transport: Kex agreed: ecdh-sha2-nistp256
DEB [20180805-21:43:28.436] thr=1   paramiko.transport: HostKey agreed: ssh-ed25519
DEB [20180805-21:43:28.436] thr=1   paramiko.transport: Cipher agreed: aes128-ctr
DEB [20180805-21:43:28.436] thr=1   paramiko.transport: MAC agreed: hmac-sha2-256
DEB [20180805-21:43:28.436] thr=1   paramiko.transport: Compression agreed: none
DEB [20180805-21:43:28.608] thr=1   paramiko.transport: kex engine KexNistp256 specified hash_algo <built-in function openssl_sha256>
DEB [20180805-21:43:28.609] thr=1   paramiko.transport: Switch to new keys ...
DEB [20180805-21:43:28.629] thr=2   paramiko.transport: Attempting password auth...
DEB [20180805-21:43:28.635] thr=1   paramiko.transport: userauth is OK
INF [20180805-21:43:28.857] thr=1   paramiko.transport: Authentication (password) successful!
DEB [20180805-21:43:28.868] thr=2   paramiko.transport: [chan 0] Max packet in: 32768 bytes
DEB [20180805-21:43:29.064] thr=1   paramiko.transport: Received global request "hostkeys-00@openssh.com"
DEB [20180805-21:43:29.064] thr=1   paramiko.transport: Rejecting "hostkeys-00@openssh.com" global request from server.
DEB [20180805-21:43:29.067] thr=1   paramiko.transport: [chan 0] Max packet out: 32768 bytes
DEB [20180805-21:43:29.067] thr=1   paramiko.transport: Secsh channel 0 opened.
DEB [20180805-21:43:29.084] thr=1   paramiko.transport: [chan 0] Sesch channel 0 request ok
INF [20180805-21:43:29.116] thr=2   paramiko.transport.sftp: [chan 0] Opened sftp connection (server version 3)
DEB [20180805-21:43:29.118] thr=2   paramiko.transport.sftp: [chan 0] open('/home/pi/Script/11.gif', 'wb')
DEB [20180805-21:43:29.226] thr=1   paramiko.transport: EOF in transport thread
DEB [20180805-21:46:25.487] thr=1   paramiko.transport: starting thread (client mode): 0x4c72810L
DEB [20180805-21:46:25.488] thr=1   paramiko.transport: Local version/idstring: SSH-2.0-paramiko_2.4.1
DEB [20180805-21:46:25.604] thr=1   paramiko.transport: Remote version/idstring: SSH-2.0-OpenSSH_7.4p1 Raspbian-10+deb9u3
INF [20180805-21:46:25.604] thr=1   paramiko.transport: Connected (version 2.0, client OpenSSH_7.4p1)
DEB [20180805-21:46:25.607] thr=1   paramiko.transport: kex algos:[u'curve25519-sha256', u'curve25519-sha256@libssh.org', u'ecdh-sha2-nistp256', u'ecdh-sha2-nistp384', u'ecdh-sha2-nistp521', u'diffie-hellman-group-exchange-sha256', u'diffie-hellman-group16-sha512', u'diffie-hellman-group18-sha512', u'diffie-hellman-group14-sha256', u'diffie-hellman-group14-sha1'] server key:[u'ssh-rsa', u'rsa-sha2-512', u'rsa-sha2-256', u'ecdsa-sha2-nistp256', u'ssh-ed25519'] client encrypt:[u'chacha20-poly1305@openssh.com', u'aes128-ctr', u'aes192-ctr', u'aes256-ctr', u'aes128-gcm@openssh.com', u'aes256-gcm@openssh.com'] server encrypt:[u'chacha20-poly1305@openssh.com', u'aes128-ctr', u'aes192-ctr', u'aes256-ctr', u'aes128-gcm@openssh.com', u'aes256-gcm@openssh.com'] client mac:[u'umac-64-etm@openssh.com', u'umac-128-etm@openssh.com', u'hmac-sha2-256-etm@openssh.com', u'hmac-sha2-512-etm@openssh.com', u'hmac-sha1-etm@openssh.com', u'umac-64@openssh.com', u'umac-128@openssh.com', u'hmac-sha2-256', u'hmac-sha2-512', u'hmac-sha1'] server mac:[u'umac-64-etm@openssh.com', u'umac-128-etm@openssh.com', u'hmac-sha2-256-etm@openssh.com', u'hmac-sha2-512-etm@openssh.com', u'hmac-sha1-etm@openssh.com', u'umac-64@openssh.com', u'umac-128@openssh.com', u'hmac-sha2-256', u'hmac-sha2-512', u'hmac-sha1'] client compress:[u'none', u'zlib@openssh.com'] server compress:[u'none', u'zlib@openssh.com'] client lang:[u''] server lang:[u''] kex follows?False
DEB [20180805-21:46:25.607] thr=1   paramiko.transport: Kex agreed: ecdh-sha2-nistp256
DEB [20180805-21:46:25.608] thr=1   paramiko.transport: HostKey agreed: ssh-ed25519
DEB [20180805-21:46:25.608] thr=1   paramiko.transport: Cipher agreed: aes128-ctr
DEB [20180805-21:46:25.608] thr=1   paramiko.transport: MAC agreed: hmac-sha2-256
DEB [20180805-21:46:25.608] thr=1   paramiko.transport: Compression agreed: none
DEB [20180805-21:46:25.761] thr=1   paramiko.transport: kex engine KexNistp256 specified hash_algo <built-in function openssl_sha256>
DEB [20180805-21:46:25.763] thr=1   paramiko.transport: Switch to new keys ...
DEB [20180805-21:46:25.793] thr=2   paramiko.transport: Attempting password auth...
DEB [20180805-21:46:25.800] thr=1   paramiko.transport: userauth is OK
INF [20180805-21:46:26.023] thr=1   paramiko.transport: Authentication (password) successful!
DEB [20180805-21:46:26.036] thr=2   paramiko.transport: [chan 0] Max packet in: 32768 bytes
DEB [20180805-21:46:26.228] thr=1   paramiko.transport: Received global request "hostkeys-00@openssh.com"
DEB [20180805-21:46:26.228] thr=1   paramiko.transport: Rejecting "hostkeys-00@openssh.com" global request from server.
DEB [20180805-21:46:26.230] thr=1   paramiko.transport: [chan 0] Max packet out: 32768 bytes
DEB [20180805-21:46:26.230] thr=1   paramiko.transport: Secsh channel 0 opened.
DEB [20180805-21:46:26.255] thr=1   paramiko.transport: [chan 0] Sesch channel 0 request ok
INF [20180805-21:46:26.281] thr=2   paramiko.transport.sftp: [chan 0] Opened sftp connection (server version 3)
DEB [20180805-21:46:26.281] thr=2   paramiko.transport.sftp: [chan 0] open('/home/pi/11.gif', 'wb')
DEB [20180805-21:46:26.285] thr=2   paramiko.transport.sftp: [chan 0] open('/home/pi/11.gif', 'wb') -> 00000000
DEB [20180805-21:46:26.286] thr=2   paramiko.transport.sftp: [chan 0] close(00000000)
DEB [20180805-21:46:26.299] thr=2   paramiko.transport.sftp: [chan 0] stat('/home/pi/11.gif')
INF [20180805-21:46:26.303] thr=2   paramiko.transport.sftp: [chan 0] sftp session closed.
DEB [20180805-21:46:26.303] thr=2   paramiko.transport: [chan 0] EOF sent (0)
DEB [20180805-21:46:26.309] thr=1   paramiko.transport: EOF in transport thread
DEB [20180805-23:59:20.918] thr=1   paramiko.transport: starting thread (client mode): 0x76c1950L
DEB [20180805-23:59:20.919] thr=1   paramiko.transport: Local version/idstring: SSH-2.0-paramiko_2.4.1
DEB [20180805-23:59:21.035] thr=1   paramiko.transport: Remote version/idstring: SSH-2.0-OpenSSH_7.4p1 Raspbian-10+deb9u3
INF [20180805-23:59:21.035] thr=1   paramiko.transport: Connected (version 2.0, client OpenSSH_7.4p1)
DEB [20180805-23:59:21.042] thr=1   paramiko.transport: kex algos:[u'curve25519-sha256', u'curve25519-sha256@libssh.org', u'ecdh-sha2-nistp256', u'ecdh-sha2-nistp384', u'ecdh-sha2-nistp521', u'diffie-hellman-group-exchange-sha256', u'diffie-hellman-group16-sha512', u'diffie-hellman-group18-sha512', u'diffie-hellman-group14-sha256', u'diffie-hellman-group14-sha1'] server key:[u'ssh-rsa', u'rsa-sha2-512', u'rsa-sha2-256', u'ecdsa-sha2-nistp256', u'ssh-ed25519'] client encrypt:[u'chacha20-poly1305@openssh.com', u'aes128-ctr', u'aes192-ctr', u'aes256-ctr', u'aes128-gcm@openssh.com', u'aes256-gcm@openssh.com'] server encrypt:[u'chacha20-poly1305@openssh.com', u'aes128-ctr', u'aes192-ctr', u'aes256-ctr', u'aes128-gcm@openssh.com', u'aes256-gcm@openssh.com'] client mac:[u'umac-64-etm@openssh.com', u'umac-128-etm@openssh.com', u'hmac-sha2-256-etm@openssh.com', u'hmac-sha2-512-etm@openssh.com', u'hmac-sha1-etm@openssh.com', u'umac-64@openssh.com', u'umac-128@openssh.com', u'hmac-sha2-256', u'hmac-sha2-512', u'hmac-sha1'] server mac:[u'umac-64-etm@openssh.com', u'umac-128-etm@openssh.com', u'hmac-sha2-256-etm@openssh.com', u'hmac-sha2-512-etm@openssh.com', u'hmac-sha1-etm@openssh.com', u'umac-64@openssh.com', u'umac-128@openssh.com', u'hmac-sha2-256', u'hmac-sha2-512', u'hmac-sha1'] client compress:[u'none', u'zlib@openssh.com'] server compress:[u'none', u'zlib@openssh.com'] client lang:[u''] server lang:[u''] kex follows?False
DEB [20180805-23:59:21.043] thr=1   paramiko.transport: Kex agreed: ecdh-sha2-nistp256
DEB [20180805-23:59:21.043] thr=1   paramiko.transport: HostKey agreed: ssh-ed25519
DEB [20180805-23:59:21.043] thr=1   paramiko.transport: Cipher agreed: aes128-ctr
DEB [20180805-23:59:21.043] thr=1   paramiko.transport: MAC agreed: hmac-sha2-256
DEB [20180805-23:59:21.043] thr=1   paramiko.transport: Compression agreed: none
DEB [20180805-23:59:21.209] thr=1   paramiko.transport: kex engine KexNistp256 specified hash_algo <built-in function openssl_sha256>
DEB [20180805-23:59:21.210] thr=1   paramiko.transport: Switch to new keys ...
DEB [20180805-23:59:21.235] thr=2   paramiko.transport: Attempting password auth...
DEB [20180805-23:59:21.241] thr=1   paramiko.transport: userauth is OK
INF [20180805-23:59:21.466] thr=1   paramiko.transport: Authentication (password) successful!
DEB [20180805-23:59:21.481] thr=2   paramiko.transport: [chan 0] Max packet in: 32768 bytes
DEB [20180805-23:59:21.672] thr=1   paramiko.transport: Received global request "hostkeys-00@openssh.com"
DEB [20180805-23:59:21.672] thr=1   paramiko.transport: Rejecting "hostkeys-00@openssh.com" global request from server.
DEB [20180805-23:59:21.675] thr=1   paramiko.transport: [chan 0] Max packet out: 32768 bytes
DEB [20180805-23:59:21.675] thr=1   paramiko.transport: Secsh channel 0 opened.
DEB [20180805-23:59:21.699] thr=1   paramiko.transport: [chan 0] Sesch channel 0 request ok
INF [20180805-23:59:21.726] thr=2   paramiko.transport.sftp: [chan 0] Opened sftp connection (server version 3)
DEB [20180805-23:59:21.726] thr=2   paramiko.transport.sftp: [chan 0] open('/home/pi/media/gif/11.gif', 'wb')
DEB [20180805-23:59:21.832] thr=1   paramiko.transport: EOF in transport thread
DEB [20180806-00:00:19.268] thr=1   paramiko.transport: starting thread (client mode): 0x96f6950L
DEB [20180806-00:00:19.268] thr=1   paramiko.transport: Local version/idstring: SSH-2.0-paramiko_2.4.1
DEB [20180806-00:00:19.385] thr=1   paramiko.transport: Remote version/idstring: SSH-2.0-OpenSSH_7.4p1 Raspbian-10+deb9u3
INF [20180806-00:00:19.385] thr=1   paramiko.transport: Connected (version 2.0, client OpenSSH_7.4p1)
DEB [20180806-00:00:19.392] thr=1   paramiko.transport: kex algos:[u'curve25519-sha256', u'curve25519-sha256@libssh.org', u'ecdh-sha2-nistp256', u'ecdh-sha2-nistp384', u'ecdh-sha2-nistp521', u'diffie-hellman-group-exchange-sha256', u'diffie-hellman-group16-sha512', u'diffie-hellman-group18-sha512', u'diffie-hellman-group14-sha256', u'diffie-hellman-group14-sha1'] server key:[u'ssh-rsa', u'rsa-sha2-512', u'rsa-sha2-256', u'ecdsa-sha2-nistp256', u'ssh-ed25519'] client encrypt:[u'chacha20-poly1305@openssh.com', u'aes128-ctr', u'aes192-ctr', u'aes256-ctr', u'aes128-gcm@openssh.com', u'aes256-gcm@openssh.com'] server encrypt:[u'chacha20-poly1305@openssh.com', u'aes128-ctr', u'aes192-ctr', u'aes256-ctr', u'aes128-gcm@openssh.com', u'aes256-gcm@openssh.com'] client mac:[u'umac-64-etm@openssh.com', u'umac-128-etm@openssh.com', u'hmac-sha2-256-etm@openssh.com', u'hmac-sha2-512-etm@openssh.com', u'hmac-sha1-etm@openssh.com', u'umac-64@openssh.com', u'umac-128@openssh.com', u'hmac-sha2-256', u'hmac-sha2-512', u'hmac-sha1'] server mac:[u'umac-64-etm@openssh.com', u'umac-128-etm@openssh.com', u'hmac-sha2-256-etm@openssh.com', u'hmac-sha2-512-etm@openssh.com', u'hmac-sha1-etm@openssh.com', u'umac-64@openssh.com', u'umac-128@openssh.com', u'hmac-sha2-256', u'hmac-sha2-512', u'hmac-sha1'] client compress:[u'none', u'zlib@openssh.com'] server compress:[u'none', u'zlib@openssh.com'] client lang:[u''] server lang:[u''] kex follows?False
DEB [20180806-00:00:19.392] thr=1   paramiko.transport: Kex agreed: ecdh-sha2-nistp256
DEB [20180806-00:00:19.392] thr=1   paramiko.transport: HostKey agreed: ssh-ed25519
DEB [20180806-00:00:19.392] thr=1   paramiko.transport: Cipher agreed: aes128-ctr
DEB [20180806-00:00:19.392] thr=1   paramiko.transport: MAC agreed: hmac-sha2-256
DEB [20180806-00:00:19.393] thr=1   paramiko.transport: Compression agreed: none
DEB [20180806-00:00:19.481] thr=1   paramiko.transport: kex engine KexNistp256 specified hash_algo <built-in function openssl_sha256>
DEB [20180806-00:00:19.481] thr=1   paramiko.transport: Switch to new keys ...
DEB [20180806-00:00:19.487] thr=2   paramiko.transport: Attempting password auth...
DEB [20180806-00:00:19.496] thr=1   paramiko.transport: userauth is OK
INF [20180806-00:00:19.725] thr=1   paramiko.transport: Authentication (password) successful!
DEB [20180806-00:00:19.760] thr=2   paramiko.transport: [chan 0] Max packet in: 32768 bytes
DEB [20180806-00:00:19.933] thr=1   paramiko.transport: Received global request "hostkeys-00@openssh.com"
DEB [20180806-00:00:19.933] thr=1   paramiko.transport: Rejecting "hostkeys-00@openssh.com" global request from server.
DEB [20180806-00:00:19.936] thr=1   paramiko.transport: [chan 0] Max packet out: 32768 bytes
DEB [20180806-00:00:19.937] thr=1   paramiko.transport: Secsh channel 0 opened.
DEB [20180806-00:00:19.950] thr=1   paramiko.transport: [chan 0] Sesch channel 0 request ok
INF [20180806-00:00:19.976] thr=2   paramiko.transport.sftp: [chan 0] Opened sftp connection (server version 3)
DEB [20180806-00:00:19.977] thr=2   paramiko.transport.sftp: [chan 0] open('/home/pi/media/gif/11.gif', 'wb')
DEB [20180806-00:00:20.084] thr=1   paramiko.transport: EOF in transport thread
DEB [20180806-00:01:58.905] thr=1   paramiko.transport: starting thread (client mode): 0x9e2950L
DEB [20180806-00:01:58.905] thr=1   paramiko.transport: Local version/idstring: SSH-2.0-paramiko_2.4.1
DEB [20180806-00:01:59.021] thr=1   paramiko.transport: Remote version/idstring: SSH-2.0-OpenSSH_7.4p1 Raspbian-10+deb9u3
INF [20180806-00:01:59.021] thr=1   paramiko.transport: Connected (version 2.0, client OpenSSH_7.4p1)
DEB [20180806-00:01:59.027] thr=1   paramiko.transport: kex algos:[u'curve25519-sha256', u'curve25519-sha256@libssh.org', u'ecdh-sha2-nistp256', u'ecdh-sha2-nistp384', u'ecdh-sha2-nistp521', u'diffie-hellman-group-exchange-sha256', u'diffie-hellman-group16-sha512', u'diffie-hellman-group18-sha512', u'diffie-hellman-group14-sha256', u'diffie-hellman-group14-sha1'] server key:[u'ssh-rsa', u'rsa-sha2-512', u'rsa-sha2-256', u'ecdsa-sha2-nistp256', u'ssh-ed25519'] client encrypt:[u'chacha20-poly1305@openssh.com', u'aes128-ctr', u'aes192-ctr', u'aes256-ctr', u'aes128-gcm@openssh.com', u'aes256-gcm@openssh.com'] server encrypt:[u'chacha20-poly1305@openssh.com', u'aes128-ctr', u'aes192-ctr', u'aes256-ctr', u'aes128-gcm@openssh.com', u'aes256-gcm@openssh.com'] client mac:[u'umac-64-etm@openssh.com', u'umac-128-etm@openssh.com', u'hmac-sha2-256-etm@openssh.com', u'hmac-sha2-512-etm@openssh.com', u'hmac-sha1-etm@openssh.com', u'umac-64@openssh.com', u'umac-128@openssh.com', u'hmac-sha2-256', u'hmac-sha2-512', u'hmac-sha1'] server mac:[u'umac-64-etm@openssh.com', u'umac-128-etm@openssh.com', u'hmac-sha2-256-etm@openssh.com', u'hmac-sha2-512-etm@openssh.com', u'hmac-sha1-etm@openssh.com', u'umac-64@openssh.com', u'umac-128@openssh.com', u'hmac-sha2-256', u'hmac-sha2-512', u'hmac-sha1'] client compress:[u'none', u'zlib@openssh.com'] server compress:[u'none', u'zlib@openssh.com'] client lang:[u''] server lang:[u''] kex follows?False
DEB [20180806-00:01:59.028] thr=1   paramiko.transport: Kex agreed: ecdh-sha2-nistp256
DEB [20180806-00:01:59.028] thr=1   paramiko.transport: HostKey agreed: ssh-ed25519
DEB [20180806-00:01:59.028] thr=1   paramiko.transport: Cipher agreed: aes128-ctr
DEB [20180806-00:01:59.028] thr=1   paramiko.transport: MAC agreed: hmac-sha2-256
DEB [20180806-00:01:59.028] thr=1   paramiko.transport: Compression agreed: none
DEB [20180806-00:01:59.122] thr=1   paramiko.transport: kex engine KexNistp256 specified hash_algo <built-in function openssl_sha256>
DEB [20180806-00:01:59.123] thr=1   paramiko.transport: Switch to new keys ...
DEB [20180806-00:01:59.130] thr=2   paramiko.transport: Attempting password auth...
DEB [20180806-00:01:59.183] thr=1   paramiko.transport: userauth is OK
INF [20180806-00:01:59.406] thr=1   paramiko.transport: Authentication (password) successful!
DEB [20180806-00:01:59.410] thr=2   paramiko.transport: [chan 0] Max packet in: 32768 bytes
DEB [20180806-00:01:59.615] thr=1   paramiko.transport: Received global request "hostkeys-00@openssh.com"
DEB [20180806-00:01:59.615] thr=1   paramiko.transport: Rejecting "hostkeys-00@openssh.com" global request from server.
DEB [20180806-00:01:59.618] thr=1   paramiko.transport: [chan 0] Max packet out: 32768 bytes
DEB [20180806-00:01:59.619] thr=1   paramiko.transport: Secsh channel 0 opened.
DEB [20180806-00:01:59.635] thr=1   paramiko.transport: [chan 0] Sesch channel 0 request ok
INF [20180806-00:01:59.659] thr=2   paramiko.transport.sftp: [chan 0] Opened sftp connection (server version 3)
DEB [20180806-00:01:59.659] thr=2   paramiko.transport.sftp: [chan 0] open('/home/pi/media/gif/11.gif', 'wb')
DEB [20180806-00:01:59.664] thr=2   paramiko.transport.sftp: [chan 0] open('/home/pi/media/gif/11.gif', 'wb') -> 00000000
DEB [20180806-00:01:59.666] thr=2   paramiko.transport.sftp: [chan 0] close(00000000)
DEB [20180806-00:01:59.680] thr=2   paramiko.transport.sftp: [chan 0] stat('/home/pi/media/gif/11.gif')
INF [20180806-00:01:59.685] thr=2   paramiko.transport.sftp: [chan 0] sftp session closed.
DEB [20180806-00:01:59.685] thr=2   paramiko.transport: [chan 0] EOF sent (0)
DEB [20180806-00:01:59.692] thr=1   paramiko.transport: EOF in transport thread
DEB [20180806-00:03:07.568] thr=1   paramiko.transport: starting thread (client mode): 0xb52e950L
DEB [20180806-00:03:07.569] thr=1   paramiko.transport: Local version/idstring: SSH-2.0-paramiko_2.4.1
DEB [20180806-00:03:07.682] thr=1   paramiko.transport: Remote version/idstring: SSH-2.0-OpenSSH_7.4p1 Raspbian-10+deb9u3
INF [20180806-00:03:07.682] thr=1   paramiko.transport: Connected (version 2.0, client OpenSSH_7.4p1)
DEB [20180806-00:03:07.688] thr=1   paramiko.transport: kex algos:[u'curve25519-sha256', u'curve25519-sha256@libssh.org', u'ecdh-sha2-nistp256', u'ecdh-sha2-nistp384', u'ecdh-sha2-nistp521', u'diffie-hellman-group-exchange-sha256', u'diffie-hellman-group16-sha512', u'diffie-hellman-group18-sha512', u'diffie-hellman-group14-sha256', u'diffie-hellman-group14-sha1'] server key:[u'ssh-rsa', u'rsa-sha2-512', u'rsa-sha2-256', u'ecdsa-sha2-nistp256', u'ssh-ed25519'] client encrypt:[u'chacha20-poly1305@openssh.com', u'aes128-ctr', u'aes192-ctr', u'aes256-ctr', u'aes128-gcm@openssh.com', u'aes256-gcm@openssh.com'] server encrypt:[u'chacha20-poly1305@openssh.com', u'aes128-ctr', u'aes192-ctr', u'aes256-ctr', u'aes128-gcm@openssh.com', u'aes256-gcm@openssh.com'] client mac:[u'umac-64-etm@openssh.com', u'umac-128-etm@openssh.com', u'hmac-sha2-256-etm@openssh.com', u'hmac-sha2-512-etm@openssh.com', u'hmac-sha1-etm@openssh.com', u'umac-64@openssh.com', u'umac-128@openssh.com', u'hmac-sha2-256', u'hmac-sha2-512', u'hmac-sha1'] server mac:[u'umac-64-etm@openssh.com', u'umac-128-etm@openssh.com', u'hmac-sha2-256-etm@openssh.com', u'hmac-sha2-512-etm@openssh.com', u'hmac-sha1-etm@openssh.com', u'umac-64@openssh.com', u'umac-128@openssh.com', u'hmac-sha2-256', u'hmac-sha2-512', u'hmac-sha1'] client compress:[u'none', u'zlib@openssh.com'] server compress:[u'none', u'zlib@openssh.com'] client lang:[u''] server lang:[u''] kex follows?False
DEB [20180806-00:03:07.688] thr=1   paramiko.transport: Kex agreed: ecdh-sha2-nistp256
DEB [20180806-00:03:07.688] thr=1   paramiko.transport: HostKey agreed: ssh-ed25519
DEB [20180806-00:03:07.689] thr=1   paramiko.transport: Cipher agreed: aes128-ctr
DEB [20180806-00:03:07.689] thr=1   paramiko.transport: MAC agreed: hmac-sha2-256
DEB [20180806-00:03:07.689] thr=1   paramiko.transport: Compression agreed: none
DEB [20180806-00:03:07.781] thr=1   paramiko.transport: kex engine KexNistp256 specified hash_algo <built-in function openssl_sha256>
DEB [20180806-00:03:07.781] thr=1   paramiko.transport: Switch to new keys ...
DEB [20180806-00:03:07.784] thr=2   paramiko.transport: Attempting password auth...
DEB [20180806-00:03:07.791] thr=1   paramiko.transport: userauth is OK
INF [20180806-00:03:08.016] thr=1   paramiko.transport: Authentication (password) successful!
DEB [20180806-00:03:08.028] thr=2   paramiko.transport: [chan 0] Max packet in: 32768 bytes
DEB [20180806-00:03:08.222] thr=1   paramiko.transport: Received global request "hostkeys-00@openssh.com"
DEB [20180806-00:03:08.222] thr=1   paramiko.transport: Rejecting "hostkeys-00@openssh.com" global request from server.
DEB [20180806-00:03:08.224] thr=1   paramiko.transport: [chan 0] Max packet out: 32768 bytes
DEB [20180806-00:03:08.224] thr=1   paramiko.transport: Secsh channel 0 opened.
DEB [20180806-00:03:08.246] thr=1   paramiko.transport: [chan 0] Sesch channel 0 request ok
INF [20180806-00:03:08.272] thr=2   paramiko.transport.sftp: [chan 0] Opened sftp connection (server version 3)
DEB [20180806-00:03:08.273] thr=2   paramiko.transport.sftp: [chan 0] open('/home/pi/media/gif/11.gif', 'wb')
DEB [20180806-00:03:08.277] thr=2   paramiko.transport.sftp: [chan 0] open('/home/pi/media/gif/11.gif', 'wb') -> 00000000
DEB [20180806-00:03:08.279] thr=2   paramiko.transport.sftp: [chan 0] close(00000000)
DEB [20180806-00:03:08.291] thr=2   paramiko.transport.sftp: [chan 0] stat('/home/pi/media/gif/11.gif')
INF [20180806-00:03:08.296] thr=2   paramiko.transport.sftp: [chan 0] sftp session closed.
DEB [20180806-00:03:08.296] thr=2   paramiko.transport: [chan 0] EOF sent (0)
DEB [20180806-00:03:08.302] thr=1   paramiko.transport: EOF in transport thread
DEB [20180806-00:05:10.978] thr=1   paramiko.transport: starting thread (client mode): 0xb59c950L
DEB [20180806-00:05:10.978] thr=1   paramiko.transport: Local version/idstring: SSH-2.0-paramiko_2.4.1
DEB [20180806-00:05:11.093] thr=1   paramiko.transport: Remote version/idstring: SSH-2.0-OpenSSH_7.4p1 Raspbian-10+deb9u3
INF [20180806-00:05:11.093] thr=1   paramiko.transport: Connected (version 2.0, client OpenSSH_7.4p1)
DEB [20180806-00:05:11.099] thr=1   paramiko.transport: kex algos:[u'curve25519-sha256', u'curve25519-sha256@libssh.org', u'ecdh-sha2-nistp256', u'ecdh-sha2-nistp384', u'ecdh-sha2-nistp521', u'diffie-hellman-group-exchange-sha256', u'diffie-hellman-group16-sha512', u'diffie-hellman-group18-sha512', u'diffie-hellman-group14-sha256', u'diffie-hellman-group14-sha1'] server key:[u'ssh-rsa', u'rsa-sha2-512', u'rsa-sha2-256', u'ecdsa-sha2-nistp256', u'ssh-ed25519'] client encrypt:[u'chacha20-poly1305@openssh.com', u'aes128-ctr', u'aes192-ctr', u'aes256-ctr', u'aes128-gcm@openssh.com', u'aes256-gcm@openssh.com'] server encrypt:[u'chacha20-poly1305@openssh.com', u'aes128-ctr', u'aes192-ctr', u'aes256-ctr', u'aes128-gcm@openssh.com', u'aes256-gcm@openssh.com'] client mac:[u'umac-64-etm@openssh.com', u'umac-128-etm@openssh.com', u'hmac-sha2-256-etm@openssh.com', u'hmac-sha2-512-etm@openssh.com', u'hmac-sha1-etm@openssh.com', u'umac-64@openssh.com', u'umac-128@openssh.com', u'hmac-sha2-256', u'hmac-sha2-512', u'hmac-sha1'] server mac:[u'umac-64-etm@openssh.com', u'umac-128-etm@openssh.com', u'hmac-sha2-256-etm@openssh.com', u'hmac-sha2-512-etm@openssh.com', u'hmac-sha1-etm@openssh.com', u'umac-64@openssh.com', u'umac-128@openssh.com', u'hmac-sha2-256', u'hmac-sha2-512', u'hmac-sha1'] client compress:[u'none', u'zlib@openssh.com'] server compress:[u'none', u'zlib@openssh.com'] client lang:[u''] server lang:[u''] kex follows?False
DEB [20180806-00:05:11.100] thr=1   paramiko.transport: Kex agreed: ecdh-sha2-nistp256
DEB [20180806-00:05:11.100] thr=1   paramiko.transport: HostKey agreed: ssh-ed25519
DEB [20180806-00:05:11.100] thr=1   paramiko.transport: Cipher agreed: aes128-ctr
DEB [20180806-00:05:11.101] thr=1   paramiko.transport: MAC agreed: hmac-sha2-256
DEB [20180806-00:05:11.101] thr=1   paramiko.transport: Compression agreed: none
DEB [20180806-00:05:11.192] thr=1   paramiko.transport: kex engine KexNistp256 specified hash_algo <built-in function openssl_sha256>
DEB [20180806-00:05:11.193] thr=1   paramiko.transport: Switch to new keys ...
DEB [20180806-00:05:11.195] thr=2   paramiko.transport: Attempting password auth...
DEB [20180806-00:05:11.198] thr=1   paramiko.transport: userauth is OK
INF [20180806-00:05:11.417] thr=1   paramiko.transport: Authentication (password) successful!
DEB [20180806-00:05:11.424] thr=2   paramiko.transport: [chan 0] Max packet in: 32768 bytes
DEB [20180806-00:05:11.628] thr=1   paramiko.transport: Received global request "hostkeys-00@openssh.com"
DEB [20180806-00:05:11.629] thr=1   paramiko.transport: Rejecting "hostkeys-00@openssh.com" global request from server.
DEB [20180806-00:05:11.632] thr=1   paramiko.transport: [chan 0] Max packet out: 32768 bytes
DEB [20180806-00:05:11.632] thr=1   paramiko.transport: Secsh channel 0 opened.
DEB [20180806-00:05:11.641] thr=1   paramiko.transport: [chan 0] Sesch channel 0 request ok
INF [20180806-00:05:11.667] thr=2   paramiko.transport.sftp: [chan 0] Opened sftp connection (server version 3)
DEB [20180806-00:05:11.668] thr=2   paramiko.transport.sftp: [chan 0] open('/home/pi/media/gif/11.gif', 'wb')
DEB [20180806-00:05:11.673] thr=2   paramiko.transport.sftp: [chan 0] open('/home/pi/media/gif/11.gif', 'wb') -> 00000000
DEB [20180806-00:05:11.674] thr=2   paramiko.transport.sftp: [chan 0] close(00000000)
DEB [20180806-00:05:11.687] thr=2   paramiko.transport.sftp: [chan 0] stat('/home/pi/media/gif/11.gif')
INF [20180806-00:05:11.694] thr=2   paramiko.transport.sftp: [chan 0] sftp session closed.
DEB [20180806-00:05:11.694] thr=2   paramiko.transport: [chan 0] EOF sent (0)
DEB [20180806-00:05:11.700] thr=1   paramiko.transport: EOF in transport thread
DEB [20180806-00:06:28.056] thr=1   paramiko.transport: starting thread (client mode): 0x8af2950L
DEB [20180806-00:06:28.056] thr=1   paramiko.transport: Local version/idstring: SSH-2.0-paramiko_2.4.1
DEB [20180806-00:06:28.172] thr=1   paramiko.transport: Remote version/idstring: SSH-2.0-OpenSSH_7.4p1 Raspbian-10+deb9u3
INF [20180806-00:06:28.172] thr=1   paramiko.transport: Connected (version 2.0, client OpenSSH_7.4p1)
DEB [20180806-00:06:28.178] thr=1   paramiko.transport: kex algos:[u'curve25519-sha256', u'curve25519-sha256@libssh.org', u'ecdh-sha2-nistp256', u'ecdh-sha2-nistp384', u'ecdh-sha2-nistp521', u'diffie-hellman-group-exchange-sha256', u'diffie-hellman-group16-sha512', u'diffie-hellman-group18-sha512', u'diffie-hellman-group14-sha256', u'diffie-hellman-group14-sha1'] server key:[u'ssh-rsa', u'rsa-sha2-512', u'rsa-sha2-256', u'ecdsa-sha2-nistp256', u'ssh-ed25519'] client encrypt:[u'chacha20-poly1305@openssh.com', u'aes128-ctr', u'aes192-ctr', u'aes256-ctr', u'aes128-gcm@openssh.com', u'aes256-gcm@openssh.com'] server encrypt:[u'chacha20-poly1305@openssh.com', u'aes128-ctr', u'aes192-ctr', u'aes256-ctr', u'aes128-gcm@openssh.com', u'aes256-gcm@openssh.com'] client mac:[u'umac-64-etm@openssh.com', u'umac-128-etm@openssh.com', u'hmac-sha2-256-etm@openssh.com', u'hmac-sha2-512-etm@openssh.com', u'hmac-sha1-etm@openssh.com', u'umac-64@openssh.com', u'umac-128@openssh.com', u'hmac-sha2-256', u'hmac-sha2-512', u'hmac-sha1'] server mac:[u'umac-64-etm@openssh.com', u'umac-128-etm@openssh.com', u'hmac-sha2-256-etm@openssh.com', u'hmac-sha2-512-etm@openssh.com', u'hmac-sha1-etm@openssh.com', u'umac-64@openssh.com', u'umac-128@openssh.com', u'hmac-sha2-256', u'hmac-sha2-512', u'hmac-sha1'] client compress:[u'none', u'zlib@openssh.com'] server compress:[u'none', u'zlib@openssh.com'] client lang:[u''] server lang:[u''] kex follows?False
DEB [20180806-00:06:28.178] thr=1   paramiko.transport: Kex agreed: ecdh-sha2-nistp256
DEB [20180806-00:06:28.178] thr=1   paramiko.transport: HostKey agreed: ssh-ed25519
DEB [20180806-00:06:28.178] thr=1   paramiko.transport: Cipher agreed: aes128-ctr
DEB [20180806-00:06:28.178] thr=1   paramiko.transport: MAC agreed: hmac-sha2-256
DEB [20180806-00:06:28.178] thr=1   paramiko.transport: Compression agreed: none
DEB [20180806-00:06:28.269] thr=1   paramiko.transport: kex engine KexNistp256 specified hash_algo <built-in function openssl_sha256>
DEB [20180806-00:06:28.269] thr=1   paramiko.transport: Switch to new keys ...
DEB [20180806-00:06:28.271] thr=2   paramiko.transport: Attempting password auth...
DEB [20180806-00:06:28.278] thr=1   paramiko.transport: userauth is OK
INF [20180806-00:06:28.500] thr=1   paramiko.transport: Authentication (password) successful!
DEB [20180806-00:06:28.515] thr=2   paramiko.transport: [chan 0] Max packet in: 32768 bytes
DEB [20180806-00:06:28.706] thr=1   paramiko.transport: Received global request "hostkeys-00@openssh.com"
DEB [20180806-00:06:28.706] thr=1   paramiko.transport: Rejecting "hostkeys-00@openssh.com" global request from server.
DEB [20180806-00:06:28.708] thr=1   paramiko.transport: [chan 0] Max packet out: 32768 bytes
DEB [20180806-00:06:28.708] thr=1   paramiko.transport: Secsh channel 0 opened.
DEB [20180806-00:06:28.727] thr=1   paramiko.transport: [chan 0] Sesch channel 0 request ok
INF [20180806-00:06:28.752] thr=2   paramiko.transport.sftp: [chan 0] Opened sftp connection (server version 3)
DEB [20180806-00:06:28.753] thr=2   paramiko.transport.sftp: [chan 0] open('/home/pi/media/gif/11.gif', 'wb')
DEB [20180806-00:06:28.757] thr=2   paramiko.transport.sftp: [chan 0] open('/home/pi/media/gif/11.gif', 'wb') -> 00000000
DEB [20180806-00:06:28.758] thr=2   paramiko.transport.sftp: [chan 0] close(00000000)
DEB [20180806-00:06:28.771] thr=2   paramiko.transport.sftp: [chan 0] stat('/home/pi/media/gif/11.gif')
INF [20180806-00:06:28.775] thr=2   paramiko.transport.sftp: [chan 0] sftp session closed.
DEB [20180806-00:06:28.775] thr=2   paramiko.transport: [chan 0] EOF sent (0)
DEB [20180806-00:06:28.780] thr=1   paramiko.transport: EOF in transport thread
DEB [20180806-00:06:41.923] thr=1   paramiko.transport: starting thread (client mode): 0x8287950L
DEB [20180806-00:06:41.923] thr=1   paramiko.transport: Local version/idstring: SSH-2.0-paramiko_2.4.1
DEB [20180806-00:06:42.039] thr=1   paramiko.transport: Remote version/idstring: SSH-2.0-OpenSSH_7.4p1 Raspbian-10+deb9u3
INF [20180806-00:06:42.039] thr=1   paramiko.transport: Connected (version 2.0, client OpenSSH_7.4p1)
DEB [20180806-00:06:42.045] thr=1   paramiko.transport: kex algos:[u'curve25519-sha256', u'curve25519-sha256@libssh.org', u'ecdh-sha2-nistp256', u'ecdh-sha2-nistp384', u'ecdh-sha2-nistp521', u'diffie-hellman-group-exchange-sha256', u'diffie-hellman-group16-sha512', u'diffie-hellman-group18-sha512', u'diffie-hellman-group14-sha256', u'diffie-hellman-group14-sha1'] server key:[u'ssh-rsa', u'rsa-sha2-512', u'rsa-sha2-256', u'ecdsa-sha2-nistp256', u'ssh-ed25519'] client encrypt:[u'chacha20-poly1305@openssh.com', u'aes128-ctr', u'aes192-ctr', u'aes256-ctr', u'aes128-gcm@openssh.com', u'aes256-gcm@openssh.com'] server encrypt:[u'chacha20-poly1305@openssh.com', u'aes128-ctr', u'aes192-ctr', u'aes256-ctr', u'aes128-gcm@openssh.com', u'aes256-gcm@openssh.com'] client mac:[u'umac-64-etm@openssh.com', u'umac-128-etm@openssh.com', u'hmac-sha2-256-etm@openssh.com', u'hmac-sha2-512-etm@openssh.com', u'hmac-sha1-etm@openssh.com', u'umac-64@openssh.com', u'umac-128@openssh.com', u'hmac-sha2-256', u'hmac-sha2-512', u'hmac-sha1'] server mac:[u'umac-64-etm@openssh.com', u'umac-128-etm@openssh.com', u'hmac-sha2-256-etm@openssh.com', u'hmac-sha2-512-etm@openssh.com', u'hmac-sha1-etm@openssh.com', u'umac-64@openssh.com', u'umac-128@openssh.com', u'hmac-sha2-256', u'hmac-sha2-512', u'hmac-sha1'] client compress:[u'none', u'zlib@openssh.com'] server compress:[u'none', u'zlib@openssh.com'] client lang:[u''] server lang:[u''] kex follows?False
DEB [20180806-00:06:42.045] thr=1   paramiko.transport: Kex agreed: ecdh-sha2-nistp256
DEB [20180806-00:06:42.045] thr=1   paramiko.transport: HostKey agreed: ssh-ed25519
DEB [20180806-00:06:42.045] thr=1   paramiko.transport: Cipher agreed: aes128-ctr
DEB [20180806-00:06:42.046] thr=1   paramiko.transport: MAC agreed: hmac-sha2-256
DEB [20180806-00:06:42.046] thr=1   paramiko.transport: Compression agreed: none
DEB [20180806-00:06:42.134] thr=1   paramiko.transport: kex engine KexNistp256 specified hash_algo <built-in function openssl_sha256>
DEB [20180806-00:06:42.135] thr=1   paramiko.transport: Switch to new keys ...
DEB [20180806-00:06:42.136] thr=2   paramiko.transport: Attempting password auth...
DEB [20180806-00:06:42.140] thr=1   paramiko.transport: userauth is OK
INF [20180806-00:06:42.363] thr=1   paramiko.transport: Authentication (password) successful!
DEB [20180806-00:06:42.366] thr=2   paramiko.transport: [chan 0] Max packet in: 32768 bytes
DEB [20180806-00:06:42.567] thr=1   paramiko.transport: Received global request "hostkeys-00@openssh.com"
DEB [20180806-00:06:42.567] thr=1   paramiko.transport: Rejecting "hostkeys-00@openssh.com" global request from server.
DEB [20180806-00:06:42.570] thr=1   paramiko.transport: [chan 0] Max packet out: 32768 bytes
DEB [20180806-00:06:42.570] thr=1   paramiko.transport: Secsh channel 0 opened.
DEB [20180806-00:06:42.577] thr=1   paramiko.transport: [chan 0] Sesch channel 0 request ok
INF [20180806-00:06:42.605] thr=2   paramiko.transport.sftp: [chan 0] Opened sftp connection (server version 3)
DEB [20180806-00:06:42.605] thr=2   paramiko.transport.sftp: [chan 0] open('/home/pi/media/gif/11.gif', 'wb')
DEB [20180806-00:06:42.610] thr=2   paramiko.transport.sftp: [chan 0] open('/home/pi/media/gif/11.gif', 'wb') -> 00000000
DEB [20180806-00:06:42.611] thr=2   paramiko.transport.sftp: [chan 0] close(00000000)
DEB [20180806-00:06:42.626] thr=2   paramiko.transport.sftp: [chan 0] stat('/home/pi/media/gif/11.gif')
INF [20180806-00:06:42.632] thr=2   paramiko.transport.sftp: [chan 0] sftp session closed.
DEB [20180806-00:06:42.633] thr=2   paramiko.transport: [chan 0] EOF sent (0)
DEB [20180806-00:06:42.637] thr=1   paramiko.transport: EOF in transport thread
DEB [20180806-00:18:00.121] thr=1   paramiko.transport: starting thread (client mode): 0x2734910L
DEB [20180806-00:18:00.122] thr=1   paramiko.transport: Local version/idstring: SSH-2.0-paramiko_2.4.1
DEB [20180806-00:18:00.229] thr=1   paramiko.transport: Remote version/idstring: SSH-2.0-OpenSSH_7.4p1 Raspbian-10+deb9u3
INF [20180806-00:18:00.230] thr=1   paramiko.transport: Connected (version 2.0, client OpenSSH_7.4p1)
DEB [20180806-00:18:00.235] thr=1   paramiko.transport: kex algos:[u'curve25519-sha256', u'curve25519-sha256@libssh.org', u'ecdh-sha2-nistp256', u'ecdh-sha2-nistp384', u'ecdh-sha2-nistp521', u'diffie-hellman-group-exchange-sha256', u'diffie-hellman-group16-sha512', u'diffie-hellman-group18-sha512', u'diffie-hellman-group14-sha256', u'diffie-hellman-group14-sha1'] server key:[u'ssh-rsa', u'rsa-sha2-512', u'rsa-sha2-256', u'ecdsa-sha2-nistp256', u'ssh-ed25519'] client encrypt:[u'chacha20-poly1305@openssh.com', u'aes128-ctr', u'aes192-ctr', u'aes256-ctr', u'aes128-gcm@openssh.com', u'aes256-gcm@openssh.com'] server encrypt:[u'chacha20-poly1305@openssh.com', u'aes128-ctr', u'aes192-ctr', u'aes256-ctr', u'aes128-gcm@openssh.com', u'aes256-gcm@openssh.com'] client mac:[u'umac-64-etm@openssh.com', u'umac-128-etm@openssh.com', u'hmac-sha2-256-etm@openssh.com', u'hmac-sha2-512-etm@openssh.com', u'hmac-sha1-etm@openssh.com', u'umac-64@openssh.com', u'umac-128@openssh.com', u'hmac-sha2-256', u'hmac-sha2-512', u'hmac-sha1'] server mac:[u'umac-64-etm@openssh.com', u'umac-128-etm@openssh.com', u'hmac-sha2-256-etm@openssh.com', u'hmac-sha2-512-etm@openssh.com', u'hmac-sha1-etm@openssh.com', u'umac-64@openssh.com', u'umac-128@openssh.com', u'hmac-sha2-256', u'hmac-sha2-512', u'hmac-sha1'] client compress:[u'none', u'zlib@openssh.com'] server compress:[u'none', u'zlib@openssh.com'] client lang:[u''] server lang:[u''] kex follows?False
DEB [20180806-00:18:00.235] thr=1   paramiko.transport: Kex agreed: ecdh-sha2-nistp256
DEB [20180806-00:18:00.235] thr=1   paramiko.transport: HostKey agreed: ssh-ed25519
DEB [20180806-00:18:00.235] thr=1   paramiko.transport: Cipher agreed: aes128-ctr
DEB [20180806-00:18:00.236] thr=1   paramiko.transport: MAC agreed: hmac-sha2-256
DEB [20180806-00:18:00.236] thr=1   paramiko.transport: Compression agreed: none
DEB [20180806-00:18:00.393] thr=1   paramiko.transport: kex engine KexNistp256 specified hash_algo <built-in function openssl_sha256>
DEB [20180806-00:18:00.394] thr=1   paramiko.transport: Switch to new keys ...
DEB [20180806-00:18:00.401] thr=2   paramiko.transport: Attempting password auth...
DEB [20180806-00:18:00.406] thr=1   paramiko.transport: userauth is OK
INF [20180806-00:18:00.629] thr=1   paramiko.transport: Authentication (password) successful!
DEB [20180806-00:18:00.647] thr=2   paramiko.transport: [chan 0] Max packet in: 32768 bytes
DEB [20180806-00:18:00.834] thr=1   paramiko.transport: Received global request "hostkeys-00@openssh.com"
DEB [20180806-00:18:00.834] thr=1   paramiko.transport: Rejecting "hostkeys-00@openssh.com" global request from server.
DEB [20180806-00:18:00.837] thr=1   paramiko.transport: [chan 0] Max packet out: 32768 bytes
DEB [20180806-00:18:00.837] thr=1   paramiko.transport: Secsh channel 0 opened.
DEB [20180806-00:18:00.867] thr=1   paramiko.transport: [chan 0] Sesch channel 0 request ok
INF [20180806-00:18:00.892] thr=2   paramiko.transport.sftp: [chan 0] Opened sftp connection (server version 3)
DEB [20180806-00:18:00.892] thr=2   paramiko.transport.sftp: [chan 0] open('/home/pi/media/gif/11.gif', 'wb')
DEB [20180806-00:18:00.897] thr=2   paramiko.transport.sftp: [chan 0] open('/home/pi/media/gif/11.gif', 'wb') -> 00000000
DEB [20180806-00:18:00.899] thr=2   paramiko.transport.sftp: [chan 0] close(00000000)
DEB [20180806-00:18:00.912] thr=2   paramiko.transport.sftp: [chan 0] stat('/home/pi/media/gif/11.gif')
DEB [20180806-00:18:00.917] thr=2   paramiko.transport.sftp: [chan 0] open('/home/pi/media/gif/12.gif', 'wb')
DEB [20180806-00:18:00.925] thr=2   paramiko.transport.sftp: [chan 0] open('/home/pi/media/gif/12.gif', 'wb') -> 00000000
DEB [20180806-00:18:00.927] thr=2   paramiko.transport.sftp: [chan 0] close(00000000)
DEB [20180806-00:18:00.954] thr=2   paramiko.transport.sftp: [chan 0] stat('/home/pi/media/gif/12.gif')
DEB [20180806-00:18:01.063] thr=1   paramiko.transport: EOF in transport thread
DEB [20180806-00:18:39.653] thr=1   paramiko.transport: starting thread (client mode): 0x5ae9910L
DEB [20180806-00:18:39.653] thr=1   paramiko.transport: Local version/idstring: SSH-2.0-paramiko_2.4.1
DEB [20180806-00:18:39.769] thr=1   paramiko.transport: Remote version/idstring: SSH-2.0-OpenSSH_7.4p1 Raspbian-10+deb9u3
INF [20180806-00:18:39.769] thr=1   paramiko.transport: Connected (version 2.0, client OpenSSH_7.4p1)
DEB [20180806-00:18:39.780] thr=1   paramiko.transport: kex algos:[u'curve25519-sha256', u'curve25519-sha256@libssh.org', u'ecdh-sha2-nistp256', u'ecdh-sha2-nistp384', u'ecdh-sha2-nistp521', u'diffie-hellman-group-exchange-sha256', u'diffie-hellman-group16-sha512', u'diffie-hellman-group18-sha512', u'diffie-hellman-group14-sha256', u'diffie-hellman-group14-sha1'] server key:[u'ssh-rsa', u'rsa-sha2-512', u'rsa-sha2-256', u'ecdsa-sha2-nistp256', u'ssh-ed25519'] client encrypt:[u'chacha20-poly1305@openssh.com', u'aes128-ctr', u'aes192-ctr', u'aes256-ctr', u'aes128-gcm@openssh.com', u'aes256-gcm@openssh.com'] server encrypt:[u'chacha20-poly1305@openssh.com', u'aes128-ctr', u'aes192-ctr', u'aes256-ctr', u'aes128-gcm@openssh.com', u'aes256-gcm@openssh.com'] client mac:[u'umac-64-etm@openssh.com', u'umac-128-etm@openssh.com', u'hmac-sha2-256-etm@openssh.com', u'hmac-sha2-512-etm@openssh.com', u'hmac-sha1-etm@openssh.com', u'umac-64@openssh.com', u'umac-128@openssh.com', u'hmac-sha2-256', u'hmac-sha2-512', u'hmac-sha1'] server mac:[u'umac-64-etm@openssh.com', u'umac-128-etm@openssh.com', u'hmac-sha2-256-etm@openssh.com', u'hmac-sha2-512-etm@openssh.com', u'hmac-sha1-etm@openssh.com', u'umac-64@openssh.com', u'umac-128@openssh.com', u'hmac-sha2-256', u'hmac-sha2-512', u'hmac-sha1'] client compress:[u'none', u'zlib@openssh.com'] server compress:[u'none', u'zlib@openssh.com'] client lang:[u''] server lang:[u''] kex follows?False
DEB [20180806-00:18:39.781] thr=1   paramiko.transport: Kex agreed: ecdh-sha2-nistp256
DEB [20180806-00:18:39.781] thr=1   paramiko.transport: HostKey agreed: ssh-ed25519
DEB [20180806-00:18:39.781] thr=1   paramiko.transport: Cipher agreed: aes128-ctr
DEB [20180806-00:18:39.781] thr=1   paramiko.transport: MAC agreed: hmac-sha2-256
DEB [20180806-00:18:39.781] thr=1   paramiko.transport: Compression agreed: none
DEB [20180806-00:18:39.887] thr=1   paramiko.transport: kex engine KexNistp256 specified hash_algo <built-in function openssl_sha256>
DEB [20180806-00:18:39.887] thr=1   paramiko.transport: Switch to new keys ...
DEB [20180806-00:18:39.896] thr=2   paramiko.transport: Attempting password auth...
DEB [20180806-00:18:39.944] thr=1   paramiko.transport: userauth is OK
INF [20180806-00:18:40.168] thr=1   paramiko.transport: Authentication (password) successful!
DEB [20180806-00:18:40.175] thr=2   paramiko.transport: [chan 0] Max packet in: 32768 bytes
DEB [20180806-00:18:40.374] thr=1   paramiko.transport: Received global request "hostkeys-00@openssh.com"
DEB [20180806-00:18:40.374] thr=1   paramiko.transport: Rejecting "hostkeys-00@openssh.com" global request from server.
DEB [20180806-00:18:40.376] thr=1   paramiko.transport: [chan 0] Max packet out: 32768 bytes
DEB [20180806-00:18:40.376] thr=1   paramiko.transport: Secsh channel 0 opened.
DEB [20180806-00:18:40.390] thr=1   paramiko.transport: [chan 0] Sesch channel 0 request ok
INF [20180806-00:18:40.415] thr=2   paramiko.transport.sftp: [chan 0] Opened sftp connection (server version 3)
DEB [20180806-00:18:40.415] thr=2   paramiko.transport.sftp: [chan 0] open('/home/pi/media/gif/11.gif', 'wb')
DEB [20180806-00:18:40.421] thr=2   paramiko.transport.sftp: [chan 0] open('/home/pi/media/gif/11.gif', 'wb') -> 00000000
DEB [20180806-00:18:40.422] thr=2   paramiko.transport.sftp: [chan 0] close(00000000)
DEB [20180806-00:18:40.434] thr=2   paramiko.transport.sftp: [chan 0] stat('/home/pi/media/gif/11.gif')
DEB [20180806-00:18:40.438] thr=2   paramiko.transport.sftp: [chan 0] open('/home/pi/media/gif/12.gif', 'wb')
DEB [20180806-00:18:40.442] thr=2   paramiko.transport.sftp: [chan 0] open('/home/pi/media/gif/12.gif', 'wb') -> 00000000
DEB [20180806-00:18:40.443] thr=2   paramiko.transport.sftp: [chan 0] close(00000000)
DEB [20180806-00:18:40.470] thr=2   paramiko.transport.sftp: [chan 0] stat('/home/pi/media/gif/12.gif')
DEB [20180806-00:18:40.579] thr=1   paramiko.transport: EOF in transport thread
DEB [20180806-00:19:07.273] thr=1   paramiko.transport: starting thread (client mode): 0x6f69910L
DEB [20180806-00:19:07.273] thr=1   paramiko.transport: Local version/idstring: SSH-2.0-paramiko_2.4.1
DEB [20180806-00:19:07.391] thr=1   paramiko.transport: Remote version/idstring: SSH-2.0-OpenSSH_7.4p1 Raspbian-10+deb9u3
INF [20180806-00:19:07.391] thr=1   paramiko.transport: Connected (version 2.0, client OpenSSH_7.4p1)
DEB [20180806-00:19:07.396] thr=1   paramiko.transport: kex algos:[u'curve25519-sha256', u'curve25519-sha256@libssh.org', u'ecdh-sha2-nistp256', u'ecdh-sha2-nistp384', u'ecdh-sha2-nistp521', u'diffie-hellman-group-exchange-sha256', u'diffie-hellman-group16-sha512', u'diffie-hellman-group18-sha512', u'diffie-hellman-group14-sha256', u'diffie-hellman-group14-sha1'] server key:[u'ssh-rsa', u'rsa-sha2-512', u'rsa-sha2-256', u'ecdsa-sha2-nistp256', u'ssh-ed25519'] client encrypt:[u'chacha20-poly1305@openssh.com', u'aes128-ctr', u'aes192-ctr', u'aes256-ctr', u'aes128-gcm@openssh.com', u'aes256-gcm@openssh.com'] server encrypt:[u'chacha20-poly1305@openssh.com', u'aes128-ctr', u'aes192-ctr', u'aes256-ctr', u'aes128-gcm@openssh.com', u'aes256-gcm@openssh.com'] client mac:[u'umac-64-etm@openssh.com', u'umac-128-etm@openssh.com', u'hmac-sha2-256-etm@openssh.com', u'hmac-sha2-512-etm@openssh.com', u'hmac-sha1-etm@openssh.com', u'umac-64@openssh.com', u'umac-128@openssh.com', u'hmac-sha2-256', u'hmac-sha2-512', u'hmac-sha1'] server mac:[u'umac-64-etm@openssh.com', u'umac-128-etm@openssh.com', u'hmac-sha2-256-etm@openssh.com', u'hmac-sha2-512-etm@openssh.com', u'hmac-sha1-etm@openssh.com', u'umac-64@openssh.com', u'umac-128@openssh.com', u'hmac-sha2-256', u'hmac-sha2-512', u'hmac-sha1'] client compress:[u'none', u'zlib@openssh.com'] server compress:[u'none', u'zlib@openssh.com'] client lang:[u''] server lang:[u''] kex follows?False
DEB [20180806-00:19:07.396] thr=1   paramiko.transport: Kex agreed: ecdh-sha2-nistp256
DEB [20180806-00:19:07.396] thr=1   paramiko.transport: HostKey agreed: ssh-ed25519
DEB [20180806-00:19:07.396] thr=1   paramiko.transport: Cipher agreed: aes128-ctr
DEB [20180806-00:19:07.396] thr=1   paramiko.transport: MAC agreed: hmac-sha2-256
DEB [20180806-00:19:07.396] thr=1   paramiko.transport: Compression agreed: none
DEB [20180806-00:19:07.487] thr=1   paramiko.transport: kex engine KexNistp256 specified hash_algo <built-in function openssl_sha256>
DEB [20180806-00:19:07.488] thr=1   paramiko.transport: Switch to new keys ...
DEB [20180806-00:19:07.490] thr=2   paramiko.transport: Attempting password auth...
DEB [20180806-00:19:07.496] thr=1   paramiko.transport: userauth is OK
INF [20180806-00:19:07.719] thr=1   paramiko.transport: Authentication (password) successful!
DEB [20180806-00:19:07.738] thr=2   paramiko.transport: [chan 0] Max packet in: 32768 bytes
DEB [20180806-00:19:07.923] thr=1   paramiko.transport: Received global request "hostkeys-00@openssh.com"
DEB [20180806-00:19:07.924] thr=1   paramiko.transport: Rejecting "hostkeys-00@openssh.com" global request from server.
DEB [20180806-00:19:07.926] thr=1   paramiko.transport: [chan 0] Max packet out: 32768 bytes
DEB [20180806-00:19:07.926] thr=1   paramiko.transport: Secsh channel 0 opened.
DEB [20180806-00:19:07.951] thr=1   paramiko.transport: [chan 0] Sesch channel 0 request ok
INF [20180806-00:19:07.974] thr=2   paramiko.transport.sftp: [chan 0] Opened sftp connection (server version 3)
DEB [20180806-00:19:07.975] thr=2   paramiko.transport.sftp: [chan 0] open('/home/pi/media/gif/11.gif', 'wb')
DEB [20180806-00:19:07.981] thr=2   paramiko.transport.sftp: [chan 0] open('/home/pi/media/gif/11.gif', 'wb') -> 00000000
DEB [20180806-00:19:07.981] thr=2   paramiko.transport.sftp: [chan 0] close(00000000)
DEB [20180806-00:19:07.997] thr=2   paramiko.transport.sftp: [chan 0] stat('/home/pi/media/gif/11.gif')
DEB [20180806-00:19:08.001] thr=2   paramiko.transport.sftp: [chan 0] open('/home/pi/media/gif/12.gif', 'wb')
DEB [20180806-00:19:08.009] thr=2   paramiko.transport.sftp: [chan 0] open('/home/pi/media/gif/12.gif', 'wb') -> 00000000
DEB [20180806-00:19:08.010] thr=2   paramiko.transport.sftp: [chan 0] close(00000000)
DEB [20180806-00:19:08.035] thr=2   paramiko.transport.sftp: [chan 0] stat('/home/pi/media/gif/12.gif')
INF [20180806-00:19:08.039] thr=2   paramiko.transport.sftp: [chan 0] sftp session closed.
DEB [20180806-00:19:08.040] thr=2   paramiko.transport: [chan 0] EOF sent (0)
DEB [20180806-00:19:08.144] thr=1   paramiko.transport: EOF in transport thread
